[    0.000000] Initializing cgroup subsys cpuset
[    0.000000] Initializing cgroup subsys cpu
[    0.000000] Initializing cgroup subsys cpuacct
[    0.000000] Linux version 4.4.0-72-generic (buildd@lcy01-17) (gcc version 5.4.0 20160609 (Ubuntu 5.4.0-6ubuntu1~16.04.4) ) #93-Ubuntu SMP Fri Mar 31 14:07:41 UTC 2017 (Ubuntu 4.4.0-72.93-generic 4.4.49)
[    0.000000] Command line: BOOT_IMAGE=/boot/vmlinuz-4.4.0-72-generic root=UUID=c0e33e0d-ff09-415d-9ba2-24809f9a87c2 ro console=tty1 console=ttyS0
[    0.000000] KERNEL supported cpus:
[    0.000000]   Intel GenuineIntel
[    0.000000]   AMD AuthenticAMD
[    0.000000]   Centaur CentaurHauls
[    0.000000] x86/fpu: xstate_offset[2]:  576, xstate_sizes[2]:  256
[    0.000000] x86/fpu: Supporting XSAVE feature 0x01: 'x87 floating point registers'
[    0.000000] x86/fpu: Supporting XSAVE feature 0x02: 'SSE registers'
[    0.000000] x86/fpu: Supporting XSAVE feature 0x04: 'AVX registers'
[    0.000000] x86/fpu: Enabled xstate features 0x7, context size is 832 bytes, using 'standard' format.
[    0.000000] x86/fpu: Using 'lazy' FPU context switches.
[    0.000000] e820: BIOS-provided physical RAM map:
[    0.000000] BIOS-e820: [mem 0x0000000000000000-0x000000000009fbff] usable
[    0.000000] BIOS-e820: [mem 0x000000000009fc00-0x000000000009ffff] reserved
[    0.000000] BIOS-e820: [mem 0x00000000000f0000-0x00000000000fffff] reserved
[    0.000000] BIOS-e820: [mem 0x0000000000100000-0x000000003ffeffff] usable
[    0.000000] BIOS-e820: [mem 0x000000003fff0000-0x000000003fffffff] ACPI data
[    0.000000] BIOS-e820: [mem 0x00000000fec00000-0x00000000fec00fff] reserved
[    0.000000] BIOS-e820: [mem 0x00000000fee00000-0x00000000fee00fff] reserved
[    0.000000] BIOS-e820: [mem 0x00000000fffc0000-0x00000000ffffffff] reserved
[    0.000000] NX (Execute Disable) protection: active
[    0.000000] SMBIOS 2.5 present.
[    0.000000] Hypervisor detected: KVM
[    0.000000] e820: last_pfn = 0x3fff0 max_arch_pfn = 0x400000000
[    0.000000] MTRR: Disabled
[    0.000000] x86/PAT: MTRRs disabled, skipping PAT initialization too.
[    0.000000] x86/PAT: Configuration [0-7]: WB  WT  UC- UC  WB  WT  UC- UC  
[    0.000000] CPU MTRRs all blank - virtualized system.
[    0.000000] found SMP MP-table at [mem 0x0009fff0-0x0009ffff] mapped at [ffff88000009fff0]
[    0.000000] Scanning 1 areas for low memory corruption
[    0.000000] RAMDISK: [mem 0x36236000-0x37112fff]
[    0.000000] ACPI: Early table checksum verification disabled
[    0.000000] ACPI: RSDP 0x00000000000E0000 000024 (v02 VBOX  )
[    0.000000] ACPI: XSDT 0x000000003FFF0030 00003C (v01 VBOX   VBOXXSDT 00000001 ASL  00000061)
[    0.000000] ACPI: FACP 0x000000003FFF00F0 0000F4 (v04 VBOX   VBOXFACP 00000001 ASL  00000061)
[    0.000000] ACPI: DSDT 0x000000003FFF0470 0021C8 (v02 VBOX   VBOXBIOS 00000002 INTL 20100528)
[    0.000000] ACPI: FACS 0x000000003FFF0200 000040
[    0.000000] ACPI: FACS 0x000000003FFF0200 000040
[    0.000000] ACPI: APIC 0x000000003FFF0240 00005C (v02 VBOX   VBOXAPIC 00000001 ASL  00000061)
[    0.000000] ACPI: SSDT 0x000000003FFF02A0 0001CC (v01 VBOX   VBOXCPUT 00000002 INTL 20100528)
[    0.000000] No NUMA configuration found
[    0.000000] Faking a node at [mem 0x0000000000000000-0x000000003ffeffff]
[    0.000000] NODE_DATA(0) allocated [mem 0x3ffeb000-0x3ffeffff]
[    0.000000] kvm-clock: Using msrs 4b564d01 and 4b564d00
[    0.000000] kvm-clock: cpu 0, msr 0:3ffe3001, primary cpu clock
[    0.000000] kvm-clock: using sched offset of 4144697169 cycles
[    0.000000] clocksource: kvm-clock: mask: 0xffffffffffffffff max_cycles: 0x1cd42e4dffb, max_idle_ns: 881590591483 ns
[    0.000000] Zone ranges:
[    0.000000]   DMA      [mem 0x0000000000001000-0x0000000000ffffff]
[    0.000000]   DMA32    [mem 0x0000000001000000-0x000000003ffeffff]
[    0.000000]   Normal   empty
[    0.000000]   Device   empty
[    0.000000] Movable zone start for each node
[    0.000000] Early memory node ranges
[    0.000000]   node   0: [mem 0x0000000000001000-0x000000000009efff]
[    0.000000]   node   0: [mem 0x0000000000100000-0x000000003ffeffff]
[    0.000000] Initmem setup node 0 [mem 0x0000000000001000-0x000000003ffeffff]
[    0.000000] ACPI: PM-Timer IO Port: 0x4008
[    0.000000] IOAPIC[0]: apic_id 2, version 32, address 0xfec00000, GSI 0-23
[    0.000000] ACPI: INT_SRC_OVR (bus 0 bus_irq 0 global_irq 2 dfl dfl)
[    0.000000] ACPI: INT_SRC_OVR (bus 0 bus_irq 9 global_irq 9 high level)
[    0.000000] Using ACPI (MADT) for SMP configuration information
[    0.000000] smpboot: Allowing 2 CPUs, 0 hotplug CPUs
[    0.000000] PM: Registered nosave memory: [mem 0x00000000-0x00000fff]
[    0.000000] PM: Registered nosave memory: [mem 0x0009f000-0x0009ffff]
[    0.000000] PM: Registered nosave memory: [mem 0x000a0000-0x000effff]
[    0.000000] PM: Registered nosave memory: [mem 0x000f0000-0x000fffff]
[    0.000000] e820: [mem 0x40000000-0xfebfffff] available for PCI devices
[    0.000000] Booting paravirtualized kernel on KVM
[    0.000000] clocksource: refined-jiffies: mask: 0xffffffff max_cycles: 0xffffffff, max_idle_ns: 7645519600211568 ns
[    0.000000] setup_percpu: NR_CPUS:512 nr_cpumask_bits:512 nr_cpu_ids:2 nr_node_ids:1
[    0.000000] PERCPU: Embedded 33 pages/cpu @ffff88003fc00000 s98264 r8192 d28712 u1048576
[    0.000000] PV qspinlock hash table entries: 256 (order: 0, 4096 bytes)
[    0.000000] Built 1 zonelists in Node order, mobility grouping on.  Total pages: 257913
[    0.000000] Policy zone: DMA32
[    0.000000] Kernel command line: BOOT_IMAGE=/boot/vmlinuz-4.4.0-72-generic root=UUID=c0e33e0d-ff09-415d-9ba2-24809f9a87c2 ro console=tty1 console=ttyS0
[    0.000000] PID hash table entries: 4096 (order: 3, 32768 bytes)
[    0.000000] Memory: 997360K/1048120K available (8452K kernel code, 1293K rwdata, 3976K rodata, 1484K init, 1316K bss, 50760K reserved, 0K cma-reserved)
[    0.000000] SLUB: HWalign=64, Order=0-3, MinObjects=0, CPUs=2, Nodes=1
[    0.000000] Hierarchical RCU implementation.
[    0.000000] 	Build-time adjustment of leaf fanout to 64.
[    0.000000] 	RCU restricting CPUs from NR_CPUS=512 to nr_cpu_ids=2.
[    0.000000] RCU: Adjusting geometry for rcu_fanout_leaf=64, nr_cpu_ids=2
[    0.000000] NR_IRQS:33024 nr_irqs:440 16
[    0.000000] Console: colour VGA+ 80x25
[    0.000000] console [tty1] enabled
[    0.000000] console [ttyS0] enabled
[    0.000000] tsc: Detected 2893.406 MHz processor
[    1.447254] Calibrating delay loop (skipped) preset value.. 5786.81 BogoMIPS (lpj=11573624)
[    1.450861] pid_max: default: 32768 minimum: 301
[    1.457756] ACPI: Core revision 20150930
[    1.460835] ACPI: 2 ACPI AML tables successfully acquired and loaded
[    1.497788] Security Framework initialized
[    1.508396] Yama: becoming mindful.
[    1.513070] AppArmor: AppArmor initialized
[    1.522784] Dentry cache hash table entries: 131072 (order: 8, 1048576 bytes)
[    1.552389] Inode-cache hash table entries: 65536 (order: 7, 524288 bytes)
[    1.592577] Mount-cache hash table entries: 2048 (order: 2, 16384 bytes)
[    1.640461] Mountpoint-cache hash table entries: 2048 (order: 2, 16384 bytes)
[    1.642722] Initializing cgroup subsys io
[    1.654189] Initializing cgroup subsys memory
[    1.655735] Initializing cgroup subsys devices
[    1.669872] Initializing cgroup subsys freezer
[    1.693959] Initializing cgroup subsys net_cls
[    1.710427] Initializing cgroup subsys perf_event
[    1.730141] Initializing cgroup subsys net_prio
[    1.739893] Initializing cgroup subsys hugetlb
[    1.753089] Initializing cgroup subsys pids
[    1.765288] CPU: Physical Processor ID: 0
[    1.775716] CPU: Processor Core ID: 0
[    1.780853] mce: CPU supports 0 MCE banks
[    1.805361] Last level iTLB entries: 4KB 512, 2MB 8, 4MB 8
[    1.826283] Last level dTLB entries: 4KB 512, 2MB 32, 4MB 32, 1GB 0
[    1.855819] Freeing SMP alternatives memory: 32K (ffffffff820b8000 - ffffffff820c0000)
[    1.893759] ftrace: allocating 32111 entries in 126 pages
[    1.977667] smpboot: APIC(0) Converting physical 0 to logical package 0
[    2.005648] smpboot: Max logical packages: 1
[    2.018594] x2apic enabled
[    2.029534] Switched APIC routing to physical x2apic.
[    2.043986] ..TIMER: vector=0x30 apic1=0 pin1=2 apic2=-1 pin2=-1
[    2.172684] smpboot: CPU0: Intel(R) Core(TM) i7-3520M CPU @ 2.90GHz (family: 0x6, model: 0x3a, stepping: 0x9)
[    2.204987] Performance Events: unsupported p6 CPU model 58 no PMU driver, software events only.
[    2.249363] KVM setup paravirtual spinlock
[    2.254496] x86: Booting SMP configuration:
[    2.271973] .... node  #0, CPUs:      #1
[    2.289722] kvm-clock: cpu 1, msr 0:3ffe3041, secondary cpu clock
[    2.308227] mce: CPU supports 0 MCE banks
[    2.317594] x86: Booted up 1 node, 2 CPUs
[    2.326562] smpboot: Total of 2 processors activated (11573.62 BogoMIPS)
[    2.348361] devtmpfs: initialized
[    2.365372] evm: security.selinux
[    2.380342] evm: security.SMACK64
[    2.398355] evm: security.SMACK64EXEC
[    2.399380] evm: security.SMACK64TRANSMUTE
[    2.404464] evm: security.SMACK64MMAP
[    2.408167] evm: security.ima
[    2.419274] evm: security.capability
[    2.425729] clocksource: jiffies: mask: 0xffffffff max_cycles: 0xffffffff, max_idle_ns: 7645041785100000 ns
[    2.435000] pinctrl core: initialized pinctrl subsystem
[    2.439835] RTC time: 16:56:28, date: 04/14/17
[    2.446258] NET: Registered protocol family 16
[    2.460864] cpuidle: using governor ladder
[    2.476911] cpuidle: using governor menu
[    2.495496] PCCT header not found.
[    2.501897] ACPI: bus type PCI registered
[    2.508363] acpiphp: ACPI Hot Plug PCI Controller Driver version: 0.5
[    2.510371] PCI: Using configuration type 1 for base access
[    2.525815] ACPI: Added _OSI(Module Device)
[    2.532594] ACPI: Added _OSI(Processor Device)
[    2.534777] ACPI: Added _OSI(3.0 _SCP Extensions)
[    2.535824] ACPI: Added _OSI(Processor Aggregator Device)
[    2.548693] ACPI: Executed 1 blocks of module-level executable AML code
[    2.556599] ACPI: Interpreter enabled
[    2.565236] ACPI: (supports S0 S5)
[    2.566311] ACPI: Using IOAPIC for interrupt routing
[    2.567758] PCI: Using host bridge windows from ACPI; if necessary, use "pci=nocrs" and report a bug
[    2.599995] ACPI: PCI Root Bridge [PCI0] (domain 0000 [bus 00-ff])
[    2.607327] acpi PNP0A03:00: _OSC: OS supports [ASPM ClockPM Segments MSI]
[    2.608788] acpi PNP0A03:00: _OSC failed (AE_NOT_FOUND); disabling ASPM
[    2.616312] acpi PNP0A03:00: fail to add MMCONFIG information, can't access extended PCI configuration space under this bridge.
[    2.619345] PCI host bridge to bus 0000:00
[    2.620296] pci_bus 0000:00: root bus resource [io  0x0000-0x0cf7 window]
[    2.621858] pci_bus 0000:00: root bus resource [io  0x0d00-0xffff window]
[    2.623266] pci_bus 0000:00: root bus resource [mem 0x000a0000-0x000bffff window]
[    2.636263] pci_bus 0000:00: root bus resource [mem 0x40000000-0xffdfffff window]
[    2.646305] pci_bus 0000:00: root bus resource [bus 00-ff]
[    2.649567] pci 0000:00:01.1: legacy IDE quirk: reg 0x10: [io  0x01f0-0x01f7]
[    2.656394] pci 0000:00:01.1: legacy IDE quirk: reg 0x14: [io  0x03f6]
[    2.681173] pci 0000:00:01.1: legacy IDE quirk: reg 0x18: [io  0x0170-0x0177]
[    2.695563] pci 0000:00:01.1: legacy IDE quirk: reg 0x1c: [io  0x0376]
[    2.740773] pci 0000:00:07.0: quirk: [io  0x4000-0x403f] claimed by PIIX4 ACPI
[    2.752930] pci 0000:00:07.0: quirk: [io  0x4100-0x410f] claimed by PIIX4 SMB
[    2.782306] ACPI: PCI Interrupt Link [LNKA] (IRQs 5 9 10 *11)
[    2.807340] ACPI: PCI Interrupt Link [LNKB] (IRQs 5 9 10 *11)
[    2.829229] ACPI: PCI Interrupt Link [LNKC] (IRQs 5 9 *10 11)
[    2.842442] ACPI: PCI Interrupt Link [LNKD] (IRQs 5 *9 10 11)
[    2.849585] ACPI: Enabled 2 GPEs in block 00 to 07
[    2.861927] vgaarb: setting as boot device: PCI:0000:00:02.0
[    2.879849] vgaarb: device added: PCI:0000:00:02.0,decodes=io+mem,owns=io+mem,locks=none
[    2.890162] vgaarb: loaded
[    2.902428] vgaarb: bridge control possible 0000:00:02.0
[    2.904355] SCSI subsystem initialized
[    2.912576] ACPI: bus type USB registered
[    2.916921] usbcore: registered new interface driver usbfs
[    2.918497] usbcore: registered new interface driver hub
[    2.931757] usbcore: registered new device driver usb
[    2.933147] PCI: Using ACPI for IRQ routing
[    2.934437] NetLabel: Initializing
[    2.941547] NetLabel:  domain hash size = 128
[    2.945512] NetLabel:  protocols = UNLABELED CIPSOv4
[    2.947776] NetLabel:  unlabeled traffic allowed by default
[    2.965336] amd_nb: Cannot enumerate AMD northbridges
[    2.973237] clocksource: Switched to clocksource kvm-clock
[    2.995083] AppArmor: AppArmor Filesystem Enabled
[    3.026756] pnp: PnP ACPI init
[    3.042928] pnp: PnP ACPI: found 3 devices
[    3.093892] clocksource: acpi_pm: mask: 0xffffff max_cycles: 0xffffff, max_idle_ns: 2085701024 ns
[    3.106930] NET: Registered protocol family 2
[    3.154046] TCP established hash table entries: 8192 (order: 4, 65536 bytes)
[    3.181090] TCP bind hash table entries: 8192 (order: 5, 131072 bytes)
[    3.182517] TCP: Hash tables configured (established 8192 bind 8192)
[    3.206990] UDP hash table entries: 512 (order: 2, 16384 bytes)
[    3.235472] UDP-Lite hash table entries: 512 (order: 2, 16384 bytes)
[    3.244863] NET: Registered protocol family 1
[    3.282035] pci 0000:00:00.0: Limiting direct PCI/PCI transfers
[    3.289401] pci 0000:00:01.0: Activating ISA DMA hang workarounds
[    3.320939] Unpacking initramfs...
[    3.553934] Freeing initrd memory: 15220K (ffff880036236000 - ffff880037113000)
[    3.566279] RAPL PMU detected, API unit is 2^-32 Joules, 3 fixed counters 10737418240 ms ovfl timer
[    3.589482] hw unit of domain pp0-core 2^-0 Joules
[    3.602852] hw unit of domain package 2^-0 Joules
[    3.621916] hw unit of domain pp1-gpu 2^-0 Joules
[    3.650421] platform rtc_cmos: registered platform RTC device (no PNP device found)
[    3.661683] Scanning for low memory corruption every 60 seconds
[    3.672409] futex hash table entries: 512 (order: 3, 32768 bytes)
[    3.708625] audit: initializing netlink subsys (disabled)
[    3.722672] audit: type=2000 audit(1492188993.329:1): initialized
[    3.724710] Initialise system trusted keyring
[    3.779233] HugeTLB registered 2 MB page size, pre-allocated 0 pages
[    3.834188] zbud: loaded
[    3.860483] VFS: Disk quotas dquot_6.6.0
[    3.921903] VFS: Dquot-cache hash table entries: 512 (order 0, 4096 bytes)
[    3.938522] squashfs: version 4.0 (2009/01/31) Phillip Lougher
[    3.954745] fuse init (API version 7.23)
[    3.969908] Key type big_key registered
[    3.985794] Allocating IMA MOK and blacklist keyrings.
[    3.993334] Key type asymmetric registered
[    4.033225] Asymmetric key parser 'x509' registered
[    4.040498] Block layer SCSI generic (bsg) driver version 0.4 loaded (major 249)
[    4.050827] io scheduler noop registered
[    4.051696] io scheduler deadline registered (default)
[    4.059883] io scheduler cfq registered
[    4.074553] pci_hotplug: PCI Hot Plug PCI Core version: 0.5
[    4.099824] pciehp: PCI Express Hot Plug Controller Driver version: 0.4
[    4.101728] ACPI: AC Adapter [AC] (off-line)
[    4.105631] input: Power Button as /devices/LNXSYSTM:00/LNXPWRBN:00/input/input0
[    4.117287] ACPI: Power Button [PWRF]
[    4.124315] input: Sleep Button as /devices/LNXSYSTM:00/LNXSLPBN:00/input/input1
[    4.140908] ACPI: Sleep Button [SLPF]
[    4.155483] GHES: HEST is not enabled!
[    4.156721] ACPI: Battery Slot [BAT0] (battery present)
[    4.160424] Serial: 8250/16550 driver, 32 ports, IRQ sharing enabled
[    4.184628] 00:02: ttyS0 at I/O 0x3f8 (irq = 4, base_baud = 115200) is a 16550A
[    4.195608] Linux agpgart interface v0.103
[    4.203235] loop: module loaded
[    4.207275] scsi host0: ata_piix
[    4.214347] scsi host1: ata_piix
[    4.215097] ata1: PATA max UDMA/33 cmd 0x1f0 ctl 0x3f6 bmdma 0xd000 irq 14
[    4.217004] ata2: PATA max UDMA/33 cmd 0x170 ctl 0x376 bmdma 0xd008 irq 15
[    4.224654] libphy: Fixed MDIO Bus: probed
[    4.246821] tun: Universal TUN/TAP device driver, 1.6
[    4.250039] tun: (C) 1999-2004 Max Krasnyansky <maxk@qualcomm.com>
[    4.267682] PPP generic driver version 2.4.2
[    4.276267] ehci_hcd: USB 2.0 'Enhanced' Host Controller (EHCI) Driver
[    4.291611] ehci-pci: EHCI PCI platform driver
[    4.292955] ehci-platform: EHCI generic platform driver
[    4.294197] ohci_hcd: USB 1.1 'Open' Host Controller (OHCI) Driver
[    4.295399] ohci-pci: OHCI PCI platform driver
[    4.296330] ohci-platform: OHCI generic platform driver
[    4.297480] uhci_hcd: USB Universal Host Controller Interface driver
[    4.310832] i8042: PNP: PS/2 Controller [PNP0303:PS2K,PNP0f03:PS2M] at 0x60,0x64 irq 1,12
[    4.319150] serio: i8042 KBD port at 0x60,0x64 irq 1
[    4.330661] serio: i8042 AUX port at 0x60,0x64 irq 12
[    4.369671] mousedev: PS/2 mouse device common for all mice
[    4.372120] input: AT Translated Set 2 keyboard as /devices/platform/i8042/serio0/input/input2
[    4.375716] rtc_cmos rtc_cmos: rtc core: registered rtc_cmos as rtc0
[    4.390075] rtc_cmos rtc_cmos: alarms up to one day, 114 bytes nvram
[    4.399441] i2c /dev entries driver
[    4.420358] device-mapper: uevent: version 1.0.3
[    4.423185] device-mapper: ioctl: 4.34.0-ioctl (2015-10-28) initialised: dm-devel@redhat.com
[    4.426843] ledtrig-cpu: registered to indicate activity on CPUs
[    4.442221] NET: Registered protocol family 10
[    4.443705] NET: Registered protocol family 17
[    4.457342] Key type dns_resolver registered
[    4.462851] microcode: CPU0 sig=0x306a9, pf=0x2, revision=0x19
[    4.469854] microcode: CPU1 sig=0x306a9, pf=0x2, revision=0x19
[    4.473098] microcode: Microcode Update Driver: v2.01 <tigran@aivazian.fsnet.co.uk>, Peter Oruba
[    4.476156] registered taskstats version 1
[    4.478574] Loading compiled-in X.509 certificates
[    4.480269] Loaded X.509 cert 'Build time autogenerated kernel key: 04ae903e4643330d1fe41947e79c28b436494994'
[    4.506931] zswap: loaded using pool lzo/zbud
[    4.515333] Key type trusted registered
[    4.532175] Key type encrypted registered
[    4.540028] AppArmor: AppArmor sha1 policy hashing enabled
[    4.564790] ima: No TPM chip found, activating TPM-bypass!
[    4.583021] evm: HMAC attrs: 0x1
[    4.591524]   Magic number: 13:626:944
[    4.594373] tty tty1: hash matches
[    4.599500] rtc_cmos rtc_cmos: setting system clock to 2017-04-14 16:56:30 UTC (1492188990)
[    4.648947] BIOS EDD facility v0.16 2004-Jun-25, 0 devices found
[    4.649436] tsc: Refined TSC clocksource calibration: 2894.301 MHz
[    4.649437] clocksource: tsc: mask: 0xffffffffffffffff max_cycles: 0x29b83b76224, max_idle_ns: 440795229837 ns
[    4.718114] EDD information not available.
[    4.726729] Freeing unused kernel memory: 1484K (ffffffff81f45000 - ffffffff820b8000)
[    4.765594] Write protecting the kernel read-only data: 14336k
[    4.778470] Freeing unused kernel memory: 1776K (ffff880001844000 - ffff880001a00000)
[    4.794691] Freeing unused kernel memory: 120K (ffff880001de2000 - ffff880001e00000)
Loading, please wait...
starting version[    4.822851] random: systemd-udevd: uninitialized urandom read (16 bytes read, 3 bits of entropy available)
 229
[    4.823678] random: udevadm: uninitialized urandom read (16 bytes read, 3 bits of entropy available)
[    4.823721] random: udevadm: uninitialized urandom read (16 bytes read, 3 bits of entropy available)
[    4.823838] random: udevadm: uninitialized urandom read (16 bytes read, 3 bits of entropy available)
[    4.823883] random: udevadm: uninitialized urandom read (16 bytes read, 3 bits of entropy available)
[    4.823926] random: udevadm: uninitialized urandom read (16 bytes read, 3 bits of entropy available)
[    4.823967] random: udevadm: uninitialized urandom read (16 bytes read, 3 bits of entropy available)
[    4.824012] random: udevadm: uninitialized urandom read (16 bytes read, 3 bits of entropy available)
[    4.824052] random: udevadm: uninitialized urandom read (16 bytes read, 3 bits of entropy available)
[    4.824092] random: udevadm: uninitialized urandom read (16 bytes read, 3 bits of entropy available)
[    5.135855] e1000: Intel(R) PRO/1000 Network Driver - version 7.3.21-k8-NAPI
[    5.145353] e1000: Copyright (c) 1999-2006 Intel Corporation.
[    5.161852] Fusion MPT base driver 3.04.20
[    5.173981] Copyright (c) 1999-2008 LSI Corporation
[    5.212088] AVX version of gcm_enc/dec engaged.
[    5.224107] AES CTR mode by8 optimization enabled
[    5.234172] Fusion MPT SPI Host driver 3.04.20
[    5.442604] input: ImExPS/2 Generic Explorer Mouse as /devices/platform/i8042/serio1/input/input4
[    5.565994] e1000 0000:00:03.0 eth0: (PCI:33MHz:32-bit) 02:ed:55:e6:81:b9
[    5.607501] e1000 0000:00:03.0 eth0: Intel(R) PRO/1000 Network Connection
[    6.010943] e1000 0000:00:08.0 eth1: (PCI:33MHz:32-bit) 08:00:27:ef:37:4c
[    6.040624] e1000 0000:00:08.0 eth1: Intel(R) PRO/1000 Network Connection
[    6.054974] e1000 0000:00:03.0 enp0s3: renamed from eth0
[    6.078919] mptbase: ioc0: Initiating bringup
[    6.094087] e1000 0000:00:08.0 enp0s8: renamed from eth1
[    6.157802] ioc0: LSI53C1030 A0: Capabilities={Initiator}
[    6.355733] scsi host2: ioc0: LSI53C1030 A0, FwRev=00000000h, Ports=1, MaxQ=256, IRQ=20
[    6.493884] scsi 2:0:0:0: Direct-Access     VBOX     HARDDISK         1.0  PQ: 0 ANSI: 5
[    6.534625] scsi target2:0:0: Beginning Domain Validation
[    6.540004] scsi target2:0:0: Domain Validation skipping write tests
[    6.544196] scsi target2:0:0: Ending Domain Validation
[    6.564930] scsi target2:0:0: asynchronous
[    6.573533] scsi 2:0:1:0: Direct-Access     VBOX     HARDDISK         1.0  PQ: 0 ANSI: 5
[    6.587471] scsi target2:0:1: Beginning Domain Validation
[    6.609949] scsi target2:0:1: Domain Validation skipping write tests
[    6.618856] scsi target2:0:1: Ending Domain Validation
[    6.620410] scsi target2:0:1: asynchronous
[    6.627935] sd 2:0:0:0: [sda] 20971520 512-byte logical blocks: (10.7 GB/10.0 GiB)
[    6.627955] sd 2:0:0:0: Attached scsi generic sg0 type 0
[    6.628386] sd 2:0:1:0: Attached scsi generic sg1 type 0
[    6.628586] sd 2:0:1:0: [sdb] 20480 512-byte logical blocks: (10.5 MB/10.0 MiB)
[    6.628761] sd 2:0:1:0: [sdb] Write Protect is off
[    6.628876] sd 2:0:1:0: [sdb] Incomplete mode parameter data
[    6.628876] sd 2:0:1:0: [sdb] Assuming drive cache: write through
[    6.642383] sd 2:0:1:0: [sdb] Attached SCSI disk
[    6.747338] sd 2:0:0:0: [sda] Write Protect is off
[    6.753351] sd 2:0:0:0: [sda] Incomplete mode parameter data
[    6.759995] sd 2:0:0:0: [sda] Assuming drive cache: write through
[    6.789741]  sda: sda1
[    6.811097] sd 2:0:0:0: [sda] Attached SCSI disk
[    8.157479] floppy0: no floppy controllers found
Begin: Loading e[    9.517114] md: linear personality registered for level -1
ssential drivers ... [    9.560113] md: multipath personality registered for level -4
[    9.610166] md: raid0 personality registered for level 0
[    9.632684] md: raid1 personality registered for level 1
[    9.713591] raid6: sse2x1   gen()  8411 MB/s
[    9.785267] raid6: sse2x1   xor()  6899 MB/s
[    9.865738] raid6: sse2x2   gen() 10834 MB/s
[    9.949377] raid6: sse2x2   xor()  7745 MB/s
[   10.029298] raid6: sse2x4   gen() 12643 MB/s
[   10.113528] raid6: sse2x4   xor()  7661 MB/s
[   10.137268] raid6: using algorithm sse2x4 gen() 12643 MB/s
[   10.154486] raid6: .... xor() 7661 MB/s, rmw enabled
[   10.157083] raid6: using ssse3x2 recovery algorithm
[   10.176499] xor: automatically using best checksumming function:
[   10.265292]    avx       : 18116.000 MB/sec
[   10.296849] async_tx: api initialized (async)
[   10.308551] md: raid6 personality registered for level 6
[   10.320807] md: raid5 personality registered for level 5
[   10.335235] md: raid4 personality registered for level 4
[   10.365887] md: raid10 personality registered for level 10
done.
Begin: Running /scripts/init-premount ... done.
Begin: Mounting root file system ... Beg[   10.400120] Btrfs loaded
in: Running /scripts/local-top ... done.
Begin: Running /scripts/local-premount ... Scanning for Btrfs filesystems
done.
Warning: fsck not present, so sk[   10.623917] EXT4-fs (sda1): INFO: recovery required on readonly filesystem
ipping root file[   10.670384] EXT4-fs (sda1): write access will be enabled during recovery
 system
[   11.113170] EXT4-fs (sda1): recovery complete
[   11.124247] EXT4-fs (sda1): mounted filesystem with ordered data mode. Opts: (null)
done.
Begin: Running /scripts/local-bottom ... done.
Begin: Running /scripts/init-bottom ... done.
[   11.595901] random: nonblocking pool is initialized
[   12.146850] systemd[1]: systemd 229 running in system mode. (+PAM +AUDIT +SELINUX +IMA +APPARMOR +SMACK +SYSVINIT +UTMP +LIBCRYPTSETUP +GCRYPT +GNUTLS +ACL +XZ -LZ4 +SECCOMP +BLKID +ELFUTILS +KMOD -IDN)
[   12.208595] systemd[1]: Detected virtualization oracle.
[   12.228161] systemd[1]: Detected architecture x86-64.

Welcome to [1mUbuntu 16.04.2 LTS[0m!

[   12.285476] systemd[1]: Set hostname to <web02>.
[   13.364761] systemd[1]: Listening on LVM2 poll daemon socket.
[[0;32m  OK  [0m] Listening on LVM2 poll daemon socket.
[   13.437918] systemd[1]: Listening on udev Kernel Socket.
[[0;32m  OK  [0m] Listening on udev Kernel Socket.
[   13.489702] systemd[1]: Listening on Journal Socket.
[[0;32m  OK  [0m] Listening on Journal Socket.
[   13.521941] systemd[1]: Listening on Journal Audit Socket.
[[0;32m  OK  [0m] Listening on Journal Audit Socket.
[   13.550150] systemd[1]: Listening on Device-mapper event daemon FIFOs.
[[0;32m  OK  [0m] Listening on Device-mapper event daemon FIFOs.
[   13.596216] systemd[1]: Reached target User and Group Name Lookups.
[[0;32m  OK  [0m] Reached target User and Group Name Lookups.
[   13.605136] systemd[1]: Listening on /dev/initctl Compatibility Named Pipe.
[[0;32m  OK  [0m] Listening on /dev/initctl Compatibility Named Pipe.
[   13.653654] systemd[1]: Reached target Encrypted Volumes.
[[0;32m  OK  [0m] Reached target Encrypted Volumes.
[   13.662338] systemd[1]: Listening on LVM2 metadata daemon socket.
[[0;32m  OK  [0m] Listening on LVM2 metadata daemon socket.
[   13.681014] systemd[1]: Created slice User and Session Slice.
[[0;32m  OK  [0m] Created slice User and Session Slice.
[   13.750469] systemd[1]: Listening on udev Control Socket.
[[0;32m  OK  [0m] Listening on udev Control Socket.
[   13.814426] systemd[1]: Created slice System Slice.
[[0;32m  OK  [0m] Created slice System Slice.
[   13.881504] systemd[1]: Starting Create list of required static device nodes for the current kernel...
         Starting Create list of required st... nodes for the current kernel...
[   13.958106] systemd[1]: Created slice system-postgresql.slice.
[[0;32m  OK  [0m] Created slice system-postgresql.slice.
[   14.001712] systemd[1]: Mounting POSIX Message Queue File System...
         Mounting POSIX Message Queue File System...
[   14.011673] systemd[1]: Starting Monitoring of LVM2 mirrors, snapshots etc. using dmeventd or progress polling...
         Starting Monitoring of LVM2 mirrors... dmeventd or progress polling...
[   14.046386] systemd[1]: Created slice system-serial\x2dgetty.slice.
[[0;32m  OK  [0m] Created slice system-serial\x2dgetty.slice.
[   14.093892] systemd[1]: Starting Uncomplicated firewall...
         Starting Uncomplicated firewall...
[   14.113616] systemd[1]: Reached target Slices.
[[0;32m  OK  [0m] Reached target Slices.
[   14.139232] systemd[1]: Reached target Swap.
[[0;32m  OK  [0m] Reached target Swap.
[   14.178303] systemd[1]: Starting Set console keymap...
         Starting Set console keymap...
[   14.194855] systemd[1]: Mounting Huge Pages File System...
         Mounting Huge Pages File System...
[   14.234175] systemd[1]: Listening on Journal Socket (/dev/log).
[[0;32m  OK  [0m] Listening on Journal Socket (/dev/log).
[   14.253787] systemd[1]: Starting Remount Root and Kernel File Systems...
         Starting Remount Root and Kernel File Systems...
[   14.278436] EXT4-fs (sda1): re-mounted. Opts: (null)
[   14.365522] systemd[1]: Starting Load Kernel Modules...
         Starting Load Kernel Modules...
[   14.420401] Loading iSCSI transport class v2.0-870.
[   14.439628] systemd[1]: Starting Nameserver information manager...
         Starting Nameserver information manager...
[   14.458488] systemd[1]: Listening on Syslog Socket.
[[0;32m  OK  [[   14.464558] iscsi: registered transport (tcp)
0m] Listening on Syslog Socket.
[   14.506685] systemd[1]: Starting Journal Service...
         Starting Journal Service...
[   14.541623] systemd[1]: Started Forward Password Requests to Wall Directory Watch.
[[0;32m  OK  [0m] Started Forward Password Requests to Wall Directory Watch.
[   14.586813] systemd[1]: Mounting Debug File System...
         Mounting Debug File System...
[   14.625528] iscsi: registered transport (iser)
[   14.626044] systemd[1]: Set up automount Arbitrary Executable File Formats File System Automount Point.
[[0;32m  OK  [0m] Set up automount Arbitrary Executab...ats File System Automount Point.
[   14.703140] systemd[1]: Mounted POSIX Message Queue File System.
[[0;32m  OK  [0m] Mounted POSIX Message Queue File System.
[   14.721987] systemd[1]: Mounted Huge Pages File System.
[[0;32m  OK  [0m] Mounted Huge Pages File System.
[   14.793795] systemd[1]: Mounted Debug File System.
[[0;32m  OK  [0m] Mounted Debug File System.
[   14.821676] systemd[1]: Started Journal Service.
[[0;32m  OK  [0m] Started Journal Service.
[[0;32m  OK  [0m] Started Create list of required sta...ce nodes for the current kernel.
[[0;32m  OK  [0m] Started Uncomplicated firewall.
[[0;32m  OK  [0m] Started Set console keymap.
[[0;32m  OK  [0m] Started Remount Root and Kernel File Systems.
[[0;32m  OK  [0m] Started Load Kernel Modules.
[[0;32m  OK  [0m] Started Nameserver information manager.
[[0;32m  OK  [0m] Started LVM2 metadata daemon.
         Mounting FUSE Control File System...
         Starting Apply Kernel Variables...
         Starting Initial cloud-init job (pre-networking)...
         Starting Load/Save Random Seed...
         Starting udev Coldplug all Devices...
         Starting Create Static Device Nodes in /dev...
         Starting Flush Journal to Persistent Storage...
[[0;32m  OK  [0m] Mounted FUSE Control File System.
[[0;32m  OK  [0m] Started Load/Save Random Seed.
[[0;32m  OK  [0m] Started Apply Kernel Variables.
[[0;32m  OK  [0m] Started udev Coldplug all Devices.
[[0;32m  OK  [0m] Started Flush Journal to Persistent Storage.
[[0;32m  OK  [0m] Started Create Static Device Nodes in /dev.
         Starting udev Kernel Device Manager...
[[0;32m  OK  [0m] Started Monitoring of LVM2 mirrors,...ng dmeventd or progress polling.
[[0;32m  OK  [0m] Started udev Kernel Device Manager.
[[0;32m  OK  [0m] Reached target Local File Systems (Pre).
[[0;32m  OK  [0m] Reached target Local File Systems.
         Starting Tell Plymouth To Write Out Runtime Data...
         Starting Create Volatile Files and Directories...
         Starting LSB: AppArmor initialization...
         Starting Set console font and keymap...
[[0;32m  OK  [0m] Started Dispatch Password Requests to Console Directory Watch.
[[0;32m  OK  [0m] Started Create Volatile Files and Directories.
[[0;32m  OK  [0m] Found device /dev/ttyS0.
[[0;32m  OK  [0m] Reached target System Time Synchronized.
         Starting Update UTMP about System Boot/Shutdown...
[[0;32m  OK  [0m] Started Tell Plymouth To Write Out Runtime Data.
[[0;32m  OK  [0m] Started Update UTMP about System Boot/Shutdown.
[[0;32m  OK  [0m] Found device 82540EM Gigabit Ethern...r (PRO/1000 MT Desktop Adapter).
[[0;32m  OK  [0m] Found device 82540EM Gigabit Ethern...r (PRO/1000 MT Desktop Adapter).
[[0;32m  OK  [0m] Started Set console font and keymap.
[[0;32m  OK  [0m] Created slice system-getty.slice.
[[0;32m  OK  [0m] Listening on Load/Save RF Kill Switch Status /dev/rfkill Watch.
[[0;32m  OK  [0m] Started LSB: AppArmor initialization.
[   19.625160] cloud-init[448]: Cloud-init v. 0.7.9 running 'init-local' at Fri, 14 Apr 2017 16:56:47 +0000. Up 18.97 seconds.
[[0;32m  OK  [0m] Started Initial cloud-init job (pre-networking).
[[0;32m  OK  [0m] Reached target Network (Pre).
[[0;32m  OK  [0m] Started ifup for enp0s3.
[[0;32m  OK  [0m] Started ifup for enp0s8.
         Starting Raise network interfaces...
[[0;32m  OK  [0m] Started Raise network interfaces.
         Starting Initial cloud-init job (metadata service crawler)...
[[0;32m  OK  [0m] Reached target Network.
[   21.305456] cloud-init[1055]: Cloud-init v. 0.7.9 running 'init' at Fri, 14 Apr 2017 16:56:48 +0000. Up 20.57 seconds.
[   21.336124] cloud-init[1055]: ci-info: ++++++++++++++++++++++++++++++++++++++Net device info++++++++++++++++++++++++++++++++++++++
[   21.364478] [cloud-init[0;32m  OK  [0m[1055]: ] ci-info: +--------+------+-----------------------------+---------------+-------+-------------------+Started Initial cloud-init job (metadata service crawler).

[   21.364831] cloud-init[1055]: ci-info: | Device |  Up  |           Address           |      Mask     | Scope |     Hw-Address    |
[   21.496722] [cloud-init[0;32m  OK  [0m[1055]: ] ci-info: +--------+------+-----------------------------+---------------+-------+-------------------+Reached target Cloud-config availability.

[[0;32m  OK  [0m] Reached target System Initialization.
[[0;32m  OK  [0m] Listening on ACPID Listen Socket.
[   21.497356] cloud-init[1055]: ci-info: |   lo   | True |          127.0.0.1          |   255.0.0.0   |   .   |         .         |
[   21.616835] [cloud-init[0;32m  OK  [0m[1055]: ] ci-info: |   lo   | True |           ::1/128           |       .       |  host |         .         |Started Daily Cleanup of Temporary Directories.

[   21.673053] [cloud-init[0;32m  OK  [0m[1055]: ] ci-info: | enp0s3 | True |          10.0.2.15          | 255.255.255.0 |   .   | 02:ed:55:e6:81:b9 |Started Timer to automatically refresh installed snaps.

[[0;32m  OK  [0m] Listening on D-Bus System Message Bus Socket.
[   21.673503] cloud-init[1055]: ci-info: | enp0s3 | True |  fe80::ed:55ff:fee6:81b9/64 |       .       |  link | 02:ed:55:e6:81:b9 |
[   21.788634]          cloud-initStarting Socket activation for snappy daemon.[1055]: 
ci-info: | enp0s8 | True |         10.11.12.52         | 255.255.255.0 |   .   | 08:00:27:ef:37:4c |
[   21.789412]          cloud-initStarting LXD - unix socket.[1055]: 
ci-info: | enp0s8 | True | fe80::a00:27ff:feef:374c/64 |       .       |  link | 08:00:27:ef:37:4c |
[   21.848247] [cloud-init[0;32m  OK  [0m[1055]: ] ci-info: +--------+------+-----------------------------+---------------+-------+-------------------+Started ACPI Events Check.

[[0;32m  OK  [0m] Started Daily apt activities.
[[0;32m  OK  [0m] Reached target Timers.
[   21.848901] cloud-init[1055]: ci-info: +++++++++++++++++++++++++++Route IPv4 info++++++++++++++++++++++++++++
[   21.877022] [cloud-init[0;32m  OK  [0m[1055]: ] ci-info: +-------+-------------+----------+---------------+-----------+-------+Listening on UUID daemon activation socket.

[[0;32m  OK  [0m] Started Trigger resolvconf update for networkd DNS.
[[0;32m  OK  [0m] Reached target Paths.
[   21.877486] cloud-init[1055]: ci-info: | Route | Destination | Gateway  |    Genmask    | Interface | Flags |
[   22.128476] [cloud-init[0;32m  OK  [0m[1055]: ] ci-info: +-------+-------------+----------+---------------+-----------+-------+Reached target Network is Online.

[   22.236913]          cloud-initStarting iSCSI initiator daemon (iscsid)...[1055]: 
ci-info: |   0   |   0.0.0.0   | 10.0.2.2 |    0.0.0.0    |   enp0s3  |   UG  |
[   22.237632] cloud-init[1055]: ci-info: |   1   |   10.0.2.0  | 0.0.0.0  | 255.255.255.0 |   enp0s3  |   U   |
[   22.344458] [cloud-init[0;32m  OK  [0m[1055]: ] ci-info: |   2   |  10.11.12.0 | 0.0.0.0  | 255.255.255.0 |   enp0s8  |   U   |Listening on Socket activation for snappy daemon.

[[0;32m  OK  [0m] Listening on LXD - unix socket.
[   22.345012] cloud-init[1055]: ci-info: +-------+-------------+----------+---------------+-----------+-------+
[[0;32m  OK  [0m] Reached target Sockets.
[[0;32m  OK  [0m] Reached target Basic System.
         Starting LSB: Record successful boot for GRUB...
         Starting LXD - container startup/shutdown...
[[0;32m  OK  [0m] Started D-Bus System Message Bus.
[[0;32m  OK  [0m] Started FUSE filesystem for LXC.
         Starting System Logging Service...
         Starting vboxadd-x11.service...
[[0;32m  OK  [0m] Started ACPI event daemon.
[[0;32m  OK  [0m] Started Deferred execution scheduler.
         Starting Advanced key-value store...
         Starting Apply the settings specified in cloud-config...
         Starting OpenBSD Secure Shell server...
         Starting Accounts Service...
         Starting Login Service...
         Starting LSB: MD monitoring daemon...
         Starting PostgreSQL Cluster 9.6-main...
[[0;32m  OK  [0m] Started Regular background program processing daemon.
         Starting /etc/rc.local Compatibility...
         Starting vboxadd.service...
[[0;32m  OK  [0m] Started Snappy daemon.
         Starting Auto import assertions from block devices...
[[0;32m  OK  [0m] Started System Logging Service.
[[0;32m  OK  [0m] Started iSCSI initiator daemon (iscsid).
[[0;32m  OK  [0m] Started vboxadd-x11.service.
[[0;32m  OK  [0m] Started /etc/rc.local Compatibility.
[[0;32m  OK  [0m] Started Auto import assertions from block devices.
         Starting Login to default iSCSI targets...
[[0;32m  OK  [0m] Started Login Service.
[   24.328306] cloud-init[1134]: Cloud-init v. 0.7.9 running 'modules:config' at Fri, 14 Apr 2017 16:56:51 +0000. Up 23.53 seconds.
[[0;32m  OK  [0m] Started LSB: Record successful boot for GRUB.
[[0;32m  OK  [0m] Started Apply the settings specified in cloud-config.
[[0;32m  OK  [0m] Started Login to default iSCSI targets.
[[0;32m  OK  [0m] Started LSB: MD monitoring daemon.
[[0;32m  OK  [0m] Reached target Remote File Systems (Pre).
[[0;32m  OK  [0m] Reached target Remote File Systems.
         Starting LSB: Set the CPU Frequency Scaling governor to "ondemand"...
         Starting LSB: Start/stop sysstat's sadc...
         Starting LSB: daemon to balance interrupts for SMP systems...
         Starting LSB: automatic crash report generation...
         Starting Permit User Sessions...
[[0;32m  OK  [0m] Started LSB: Set the CPU Frequency Scaling governor to "ondemand".
[[0;32m  OK  [0m] Started Permit User Sessions.
[[0;32m  OK  [0m] Started Advanced key-value store.
[[0;32m  OK  [0m] Started LSB: Start/stop sysstat's sadc.
         Starting Terminate Plymouth Boot Screen...
         Starting Hold until boot process finishes up...
[[0;32m  OK  [0m] Started Terminate Plymouth Boot Screen.
[[0;32m  OK  [0m] Started Hold until boot process finishes up.
         Starting Set console scheme...
[[0;32m  OK  [0m] Started Serial Getty on ttyS0.
[[0;32m  OK  [0m] Started Getty on tty1.
[[0;32m  OK  [0m] Reached target Login Prompts.
[[0;32m  OK  [0m] Started OpenBSD Secure Shell server.
[[0;32m  OK  [0m] Started LSB: daemon to balance interrupts for SMP systems.
[[0;32m  OK  [0m] Started LSB: automatic crash report generation.
[[0;32m  OK  [0m] Started Set console scheme.
         Starting Authenticate and Authorize Users to Run Privileged Tasks...
[[0;32m  OK  [0m] Started vboxadd.service.
         Starting vboxadd-service.service...
[[0;32m  OK  [0m] Started Authenticate and Authorize Users to Run Privileged Tasks.
[[0;32m  OK  [0m] Started Accounts Service.
[[0;32m  OK  [0m] Started LXD - container startup/shutdown.
[[0;32m  OK  [0m] Started vboxadd-service.service.
[[0;32m  OK  [0m] Created slice User Slice of ubuntu.
         Starting User Manager for UID 1000...
[[0;32m  OK  [0m] Started Session 1 of user ubuntu.
[[0;32m  OK  [0m] Started User Manager for UID 1000.

Ubuntu 16.04.2 LTS web02 ttyS0

web02 login: [   32.851114] cloud-init[2449]: Cloud-init v. 0.7.9 running 'modules:final' at Fri, 14 Apr 2017 16:57:00 +0000. Up 32.60 seconds.
[   32.851435] cloud-init[2449]: Cloud-init v. 0.7.9 finished at Fri, 14 Apr 2017 16:57:01 +0000. Datasource DataSourceNoCloud [seed=/dev/sdb][dsmode=net].  Up 32.84 seconds
               Stopping Serial Getty on ttyS0...
         Stopping Getty on tty1...
      [[0;32m  OK  [0m] Stopped target[[0;32m  OK  [0m] Stopped target Cloud-init target.
         Stopping User Manager for UID 1000...
         Stopping Session 4 of user ubunt         Stopping Serial Getty on ttyS0...
         Stopping LXD - container startup/shutdown...
         Stopping Deferred execution scheduler...
         Stopping FUSE filesystem for LXC...
         Stopping LSB: automatic crash report generation...
         Stopping A high performance web server and a reverse proxy server...
         Stopping vboxadd-x11.service...
         Stopping LSB: Set the CPU Frequency Scaling governor to "ondemand"...
         Stopping Regular background program processing daemon...
         Stopping Snappy daemon...
         Stopping vboxadd-service.service...
         Stopping LSB: MD monitoring daemon...
         Stopping System Logging Service...
         Stopping D-Bus System Message Bus...
[[0;32m  OK  [0m] Closed Load/Save RF Kill Switch Status /dev/rfkill Watch.
[[0;32m  OK  [0m] Unmounted /var/lib/lxcfs.
[[0;32m  OK  [0m] Stopped Regular background program processing daemon.
[[0;32m  OK  [0m] Stopped Accounts Service.
[[0;32m  OK  [0m] Stopped System Logging Service.
[[0;32m  OK  [0m] Stopped ACPI event daemon.
[[0;32m  OK  [0m] Stopped OpenBSD Secure Shell server.
[[0;32m  OK  [0m] Stopped Deferred execution scheduler.
[[0;32m  OK  [0m] Stopped Snappy daemon.
[[0;32m  OK  [0m] Stopped Authenticate and Authorize Users to Run Privileged Tasks.
[[0;32m  OK  [0m] Stopped Getty on tty1.
[[0;32m  OK  [0m] Stopped Serial Getty on ttyS0.
[[0;32m  OK  [0m] Stopped User Manager for UID 1000.
[[0;32m  OK  [0m] Stopped Session 4 of user ubuntu.
[[0;32m  OK  [0m] Stopped vboxadd-x11.service.
[[0;32m  OK  [0m] Stopped A high performance web server and a reverse proxy server.
[[0;32m  OK  [0m] Stopped D-Bus System Message Bus.
[[0;32m  OK  [0m] Stopped FUSE filesystem for LXC.
[[0;32m  OK  [0m] Stopped LSB: daemon to balance interrupts for SMP systems.
[[0;32m  OK  [0m] Stopped LSB: Record successful boot for GRUB.
[[0;32m  OK  [0m] Stopped LXD - container startup/shutdown.
[[0;32m  OK  [0m] Stopped LSB: automatic crash report generation.
[[0;32m  OK  [0m] Stopped LSB: Set the CPU Frequency Scaling governor to "ondemand".
[[0;32m  OK  [0m] Stopped LSB: MD monitoring daemon.
[[0;32m  OK  [0m] Removed slice User Slice of ubuntu.
         Stopping Login Service...
[[0;32m  OK  [0m] Removed slice system-serial\x2dgetty.slice.
[[0;32m  OK  [0m] Stopped /etc/rc.local Compatibility.
[[0;32m  OK  [0m] Removed slice system-getty.slice.
         Stopping Permit User Sessions...
[[0;32m  OK  [0m] Stopped Login Service.
[[0;32m  OK  [0m] Stopped Permit User Sessions.
[[0;32m  OK  [0m] Stopped target Remote File Systems.
[[0;32m  OK  [0m] Stopped target Remote File Systems (Pre).
         Stopping Login to default iSCSI targets...
[[0;32m  OK  [0m] Stopped target User and Group Name Lookups.
[[0;32m  OK  [0m] Stopped vboxadd-service.service.
         Stopping vboxadd.service...
[[0;32m  OK  [0m] Unmounted /vagrant.
[[0;32m  OK  [0m] Stopped vboxadd.service.
[[0;32m  OK  [0m] Stopped target Basic System.
[[0;32m  OK  [0m] Stopped target Slices.
[[0;32m  OK  [0m] Removed slice User and Session Slice.
[[0;32m  OK  [0m] Stopped target Sockets.
[[0;32m  OK  [0m] Closed D-Bus System Message Bus Socket.
[[0;32m  OK  [0m] Closed Socket activation for snappy daemon.
[[0;32m  OK  [0m] Closed LXD - unix socket.
[[0;32m  OK  [0m] Closed Syslog Socket.
[[0;32m  OK  [0m] Closed ACPID Listen Socket.
[[0;32m  OK  [0m] Closed UUID daemon activation socket.
[[0;32m  OK  [0m] Stopped target Paths.
[[0;32m  OK  [0m] Stopped Forward Password Requests to Wall Directory Watch.
[[0;32m  OK  [0m] Stopped ACPI Events Check.
[[0;32m  OK  [0m] Stopped Dispatch Password Requests to Console Directory Watch.
[[0;32m  OK  [0m] Stopped Trigger resolvconf update for networkd DNS.
[[0;32m  OK  [0m] Stopped target System Initialization.
         Stopping Update UTMP about System Boot/Shutdown...
[[0;32m  OK  [0m] Stopped target Encrypted Volumes.
[[0;32m  OK  [0m] Stopped target Swap.
         Stopping Load/Save Random Seed...
[[0;32m  OK  [0m] Stopped Load/Save Random Seed.
[[0;32m  OK  [0m] Stopped Update UTMP about System Boot/Shutdown.
[[0;32m  OK  [0m] Stopped Login to default iSCSI targets.
         Stopping iSCSI initiator daemon (iscsid)...
[[0;32m  OK  [0m] Stopped Create Volatile Files and Directories.
[[0;32m  OK  [0m] Stopped iSCSI initiator daemon (iscsid).
[[0;32m  OK  [0m] Stopped target Network is Online.
[[0;32m  OK  [0m] Stopped Initial cloud-init job (metadata service crawler).
[[0;32m  OK  [0m] Stopped target Network.
         Stopping Raise network interfaces...
[[0;32m  OK  [0m] Stopped Raise network interfaces.
[[0;32m  OK  [0m] Stopped target Local File Systems.
         Starting Unattended Upgrades Shutdown...
         Unmounting /run/user/1000...
[[0;32m  OK  [0m] Stopped target Network (Pre).
[[0;32m  OK  [0m] Stopped Initial cloud-init job (pre-networking).
[[0;32m  OK  [0m] Stopped Apply Kernel Variables.
[[0;32m  OK  [0m] Stopped Load Kernel Modules.
[[0;32m  OK  [0m] Unmounted /run/user/1000.
[[0;32m  OK  [0m] Reached target Unmount All Filesystems.
[[0;32m  OK  [0m] Stopped target Local File Systems (Pre).
         Stopping Monitoring of LVM2 mirrors... dmeventd or progress polling...
[[0;32m  OK  [0m] Stopped Create Static Device Nodes in /dev.
[[0;32m  OK  [0m] Stopped Remount Root and Kernel File Systems.
[[0;32m  OK  [0m] Started Unattended Upgrades Shutdown.
[[0;32m  OK  [0m] Stopped Monitoring of LVM2 mirrors,...ng dmeventd or progress polling.
         Stopping LVM2 metadata daemon...
[[0;32m  OK  [0m] Reached target Shutdown.
[ 3900.292353] reboot: Power down
topped Create Static Device Nodes in /dev.
         Stopping Monitoring of LVM2 mirrors... dmeventd or progress polling...
[[0;32m  OK  [0m] Stopped Monitoring of LVM2 mirrors,...ng dmeventd or progress polling.
         Stopping LVM2 metadata daemon...
[[0;32m  OK  [0m] Stopped LVM2 metadata daemon.
[[0;32m  OK  [0m] Started Unattended Upgrades Shutdown.
[[0;32m  OK  [0m] Reached target Shutdown.
[ 3854.456086] reboot: Power down
ng.
         Stopping LVM2 metadata daemon...
[[0;32m  OK  [0m] Reached target Shutdown.
[ 3805.391871] reboot: Power down
